<?xml version="1.0" encoding="UTF-8"?>
<testng-results ignored="0" total="1" passed="1" failed="0" skipped="0">
  <reporter-output>
  </reporter-output>
  <suite started-at="2024-03-24T19:55:02 IST" name="Default suite" finished-at="2024-03-24T19:55:10 IST" duration-ms="8118">
    <groups>
    </groups>
    <test started-at="2024-03-24T19:55:02 IST" name="Default test" finished-at="2024-03-24T19:55:10 IST" duration-ms="8118">
      <class name="testCases.loginToApplication">
        <test-method signature="Login()[pri:0, instance:testCases.loginToApplication@1a18644]" started-at="2024-03-24T19:55:02 IST" name="Login" finished-at="2024-03-24T19:55:10 IST" duration-ms="8084" status="PASS">
          <reporter-output>
          </reporter-output>
        </test-method> <!-- Login -->
      </class> <!-- testCases.loginToApplication -->
    </test> <!-- Default test -->
  </suite> <!-- Default suite -->
</testng-results>
